Time: 23-03-2022 09:51:30 --- Status: error --- Id_Log: 62a55ca4-f706-4afb-866b-ba3b40b2d1eb --- Router: /v1/user/bnpl/register --- Method: POST --- Message: This route dose not exists !
Time: 23-03-2022 09:52:26 --- Status: error --- Id_Log: f0747595-f626-4dbd-a7a2-0bb8a2b6f9dc --- Router: /v1/bnpl/user/register --- Method: POST --- Message: Cannot destructure property 'pin' of 'result._doc' as it is undefined.
Time: 23-03-2022 09:54:04 --- Status: error --- Id_Log: 767dab71-831a-4d12-aa31-b52416efc5ad --- Router: /v1/bnpl/user/bnpl/login --- Method: POST --- Message: This route dose not exists !
Time: 23-03-2022 09:54:36 --- Status: error --- Id_Log: df7bc2c0-f3de-4fcf-a559-9ed6fb75558c --- Router: /v1/bnpl/user/bnpl/login --- Method: POST --- Message: This route dose not exists !
Time: 25-03-2022 15:27:14 --- Status: error --- Id_Log: ced95a43-7ac3-43d8-b6b8-c76092900f08 --- Router: /v1/personal/register --- Method: POST --- Message: This route dose not exists !
Time: 25-03-2022 15:27:25 --- Status: error --- Id_Log: 5eeec7e9-b1cd-4dd6-a572-f8a22b58ea2c --- Router: /v1/personal/bnpl/register --- Method: POST --- Message: This route dose not exists !
Time: 25-03-2022 15:38:59 --- Status: error --- Id_Log: 5251aab6-1ee4-4498-b0c5-70b75a89fc31 --- Router: /v1/bnpl/personal/register --- Method: POST --- Message: bnpl_personal validation failed: name: Name is required, sex: Sex is required, birthday: Birthday is required, phone: Phone is required, citizenId: CitizenId is required, issueDate: Issue Date is required, city: City is required, district: District is required, ward: Ward is required, street: Street is required
Time: 25-03-2022 15:45:56 --- Status: error --- Id_Log: d5687c9c-6858-47ac-b719-68f0073b201c --- Router: /v1/bnpl/personal/register --- Method: POST --- Message: bnpl_personal validation failed: name: Name is required, sex: Sex is required, birthday: Birthday is required, phone: Phone is required, citizenId: CitizenId is required, issueDate: Issue Date is required, city: City is required, district: District is required, ward: Ward is required, street: Street is required
Time: 25-03-2022 15:49:45 --- Status: error --- Id_Log: b7c45b34-241e-4f16-a710-a50db47b8b2a --- Router: /v1/bnpl/personal/register --- Method: POST --- Message: bnpl_personal validation failed: name: Name is required, sex: Sex is required, birthday: Birthday is required, phone: Phone is required, citizenId: CitizenId is required, issueDate: Issue Date is required, city: City is required, district: District is required, ward: Ward is required, street: Street is required
Time: 25-03-2022 16:10:07 --- Status: error --- Id_Log: ed523360-e4bc-4130-887e-84c379756a66 --- Router: /v1/user/checkPhoneExists --- Method: POST --- Message: This route dose not exists !
Time: 26-03-2022 13:47:06 --- Status: error --- Id_Log: 0bf98a8f-b1de-4473-9a49-a40842fc95d9 --- Router: /v1/bnpl/user/getAllUser --- Method: GET --- Message: _id is not defined
Time: 26-03-2022 13:47:20 --- Status: error --- Id_Log: d750ad4f-3995-48f2-9a71-7a04a738298e --- Router: /v1/bnpl/user/getAllUser --- Method: GET --- Message: id is not defined
Time: 27-03-2022 16:32:31 --- Status: error --- Id_Log: 82859116-d986-4648-aef9-25b56e18d8ed --- Router: /v1/bnpl/personal/register --- Method: POST --- Message: This route dose not exists !
Time: 27-03-2022 16:32:40 --- Status: error --- Id_Log: 20b8bdfd-fb1d-4636-8b58-066a417dc4c9 --- Router: /v1/bnpl/personal/addInfoPersonal --- Method: POST --- Message: Cannot read properties of null (reading '_id')
Time: 27-03-2022 16:33:26 --- Status: error --- Id_Log: 05c3d5e7-52b7-4493-a025-41a5eed683ac --- Router: /v1/bnpl/personal/addInfoPersonal --- Method: POST --- Message: Cannot read properties of null (reading '_id')
Time: 27-03-2022 16:35:33 --- Status: error --- Id_Log: e43b263a-3d5c-43f6-84a6-1437f6549ec6 --- Router: /v1/bnpl/personal/addInfoPersonal --- Method: POST --- Message: Cannot read properties of null (reading '_id')
Time: 27-03-2022 16:35:34 --- Status: error --- Id_Log: c4f7977d-5c87-43b5-97c1-63f3692a6961 --- Router: /v1/bnpl/personal/addInfoPersonal --- Method: POST --- Message: Cannot read properties of null (reading '_id')
Time: 27-03-2022 16:35:56 --- Status: error --- Id_Log: 5300a27b-8a1d-4e35-9cef-08ce139fbf97 --- Router: /v1/bnpl/personal/addInfoPersonal --- Method: POST --- Message: Cannot read properties of null (reading '_id')
Time: 27-03-2022 16:35:56 --- Status: error --- Id_Log: 9317a07f-bcfe-4ad1-947e-b2ec2e654d9b --- Router: /v1/bnpl/personal/addInfoPersonal --- Method: POST --- Message: Cannot read properties of null (reading '_id')
Time: 27-03-2022 16:36:13 --- Status: error --- Id_Log: b48d37ac-5d1e-4770-8ac5-7597fefaa193 --- Router: /v1/bnpl/personal/addInfoPersonal --- Method: POST --- Message: Cannot read properties of null (reading '_id')
Time: 27-03-2022 16:36:27 --- Status: error --- Id_Log: f7ba84cb-fd6d-4e29-b6f3-efc0a296433f --- Router: /v1/bnpl/personal/addInfoPersonal --- Method: POST --- Message: Cannot read properties of null (reading '_id')
Time: 29-03-2022 13:35:43 --- Status: error --- Id_Log: 96c1c53b-7297-4c50-b2cd-fbbd32504b8c --- Router: /v1/bnpl/personal/0981284476 --- Method: GET --- Message: Schema hasn't been registered for model "item".
Use mongoose.model(name, schema)
Time: 29-03-2022 13:36:09 --- Status: error --- Id_Log: 9de0c3cc-e674-4ffd-8294-776eff3a79f5 --- Router: /v1/bnpl/personal/0981284476 --- Method: GET --- Message: Schema hasn't been registered for model "item".
Use mongoose.model(name, schema)
Time: 29-03-2022 13:37:34 --- Status: error --- Id_Log: 721a1703-0151-4d9d-a597-c6235aebe585 --- Router: /v1/bnpl/personal/0981284476 --- Method: GET --- Message: Schema hasn't been registered for model "item".
Use mongoose.model(name, schema)
